{"numTotalTestSuites":4,"numPassedTestSuites":4,"numFailedTestSuites":0,"numPendingTestSuites":0,"numTotalTests":6,"numPassedTests":6,"numFailedTests":0,"numPendingTests":0,"numTodoTests":0,"startTime":1783648701753,"success":true,"testResults":[{"assertionResults":[{"ancestorTitles":["","SignedInView"],"fullName":" SignedInView passes only teacher-scoped students to the teacher dashboard","status":"passed","title":"passes only teacher-scoped students to the teacher dashboard","duration":44,"failureMessages":[]}],"startTime":1783648704029,"endTime":1783648704073,"status":"passed","message":"","name":"C:/Users/USER/OneDrive/Desktop/edusafe/edusafe/src/app/SignedInView.test.jsx"},{"assertionResults":[{"ancestorTitles":["","Teacher dashboard"],"fullName":" Teacher dashboard shows only students matching the teacher grade and section in attendance preview","status":"passed","title":"shows only students matching the teacher grade and section in attendance preview","duration":205,"failureMessages":[]},{"ancestorTitles":["","Teacher dashboard"],"fullName":" Teacher dashboard shows students linked to the teacher account for attendance without exposing unrelated students","status":"passed","title":"shows students linked to the teacher account for attendance without exposing unrelated students","duration":12,"failureMessages":[]},{"ancestorTitles":["","Teacher dashboard"],"fullName":" Teacher dashboard links a newly added student to a teacher in the same grade and section","status":"passed","title":"links a newly added student to a teacher in the same grade and section","duration":3,"failureMessages":[]},{"ancestorTitles":["","Teacher dashboard"],"fullName":" Teacher dashboard keeps event creation on the admin dashboard instead of the teacher dashboard","status":"passed","title":"keeps event creation on the admin dashboard instead of the teacher dashboard","duration":147,"failureMessages":[]},{"ancestorTitles":["","Teacher dashboard"],"fullName":" Teacher dashboard stores selected guardians for teacher incident reports","status":"passed","title":"stores selected guardians for teacher incident reports","duration":2,"failureMessages":[]}],"startTime":1783648704400,"endTime":1783648704769,"status":"passed","message":"","name":"C:/Users/USER/OneDrive/Desktop/edusafe/edusafe/src/__tests__/teacherDashboard.test.jsx"}]}