{"numTotalTestSuites":2,"numPassedTestSuites":2,"numFailedTestSuites":0,"numPendingTestSuites":0,"numTotalTests":4,"numPassedTests":4,"numFailedTests":0,"numPendingTests":0,"numTodoTests":0,"startTime":1783648830193,"success":true,"testResults":[{"assertionResults":[{"ancestorTitles":["","Parent dashboard"],"fullName":" Parent dashboard exposes the lost and found tab from the bottom navigation and supports claiming an item","status":"passed","title":"exposes the lost and found tab from the bottom navigation and supports claiming an item","duration":149,"failureMessages":[]},{"ancestorTitles":["","Parent dashboard"],"fullName":" Parent dashboard shows only guardian-linked students for a parent account","status":"passed","title":"shows only guardian-linked students for a parent account","duration":23,"failureMessages":[]},{"ancestorTitles":["","Parent dashboard"],"fullName":" Parent dashboard does not show students that are not linked to the parent account","status":"passed","title":"does not show students that are not linked to the parent account","duration":13,"failureMessages":[]},{"ancestorTitles":["","Parent dashboard"],"fullName":" Parent dashboard does not show a child whose student record has been removed","status":"passed","title":"does not show a child whose student record has been removed","duration":8,"failureMessages":[]}],"startTime":1783648831893,"endTime":1783648832086,"status":"passed","message":"","name":"C:/Users/USER/OneDrive/Desktop/edusafe/edusafe/src/__tests__/parentDashboard.test.jsx"}]}